<?xml version="1.0" encoding="UTF-8"?>
<!-- Generated by org.testng.reporters.JUnitReportReporter -->
<testsuite hostname="DESKTOP-FNTF1MH" failures="0" tests="1" name="script.Demo" time="0.020" errors="0" timestamp="2021-06-03T22:52:02 IST" skipped="0">
  <testcase classname="script.Demo" name="check" time="0.020"/>
  <system-out/>
</testsuite> <!-- script.Demo -->
