<?xml version="1.0" encoding="UTF-8"?>
<!-- Generated by org.testng.reporters.JUnitReportReporter -->
<testsuite hostname="DESKTOP-FNTF1MH" failures="0" tests="3" name="testcases.BookFlight2" time="2.777" errors="0" timestamp="2021-06-04T19:41:07 IST" skipped="0">
  <testcase classname="testcases.BookFlight2" name="findFlight" time="0.845"/>
  <system-out/>
  <testcase classname="testcases.BookFlight2" name="chooseFlight" time="0.595"/>
  <system-out/>
  <testcase classname="testcases.BookFlight2" name="purchaseFlight" time="1.337"/>
  <system-out/>
</testsuite> <!-- testcases.BookFlight2 -->
