<?xml version="1.0" encoding="UTF-8"?>
<!-- Generated by org.testng.reporters.JUnitReportReporter -->
<testsuite hostname="DESKTOP-FNTF1MH" failures="0" tests="3" name="testcases.BookFlight" time="3.241" errors="0" timestamp="2021-06-04T21:32:21 IST" skipped="0">
  <testcase classname="testcases.BookFlight" name="bookFlight" time="0.674"/>
  <system-out/>
  <testcase classname="testcases.BookFlight" name="findFlight" time="1.017"/>
  <system-out/>
  <testcase classname="testcases.BookFlight" name="confirmFlight" time="1.550"/>
  <system-out/>
</testsuite> <!-- testcases.BookFlight -->
