<?xml version="1.0" encoding="UTF-8"?>
<!-- Generated by org.testng.reporters.JUnitReportReporter -->
<testsuite hostname="DESKTOP-FNTF1MH" failures="0" tests="3" name="testcases.BookFlight3" time="5.290" errors="0" timestamp="2021-06-04T21:29:40 IST" skipped="0">
  <testcase classname="testcases.BookFlight3" name="bookFlight" time="0.717"/>
  <system-out/>
  <testcase classname="testcases.BookFlight3" name="findFlight" time="1.970"/>
  <system-out/>
  <testcase classname="testcases.BookFlight3" name="confirmFlight" time="2.603"/>
  <system-out/>
</testsuite> <!-- testcases.BookFlight3 -->
